<?xml version="1.0" encoding="UTF-8"?>
<!-- Generated by org.testng.reporters.JUnitXMLReporter -->
<testsuite hostname="TGS-INA516TLT9" ignored="0" name="Test" tests="4" failures="1" timestamp="20 Apr 2018 11:17:52 GMT" time="70.345" errors="0">
  <testcase name="InvalidUsername" time="23.641" classname="automationFramework.TestCases"/>
  <testcase name="InvalidPassword" time="16.465" classname="automationFramework.TestCases"/>
  <testcase name="InvalidUserPass" time="9.421" classname="automationFramework.TestCases"/>
  <testcase name="ValidCredential" time="20.605" classname="automationFramework.TestCases">
    <failure type="org.openqa.selenium.NoSuchElementException" message="Unable to locate element: //div[@class=&amp;apos;col-md-6 col-sm-8 col-xs-5 go-left&amp;apos;]/ul[contains(@class,&amp;apos;nav navbar-nav navbar-side navbar-right sidebar go-left&amp;apos;)]/li[@class=&amp;apos;open&amp;apos;]/a[contains(@href,&amp;apos;javascript:void(0);&amp;apos;)]
For documentation on this error, please visit: http://seleniumhq.org/exceptions/no_such_element.html
Build info: version: &amp;apos;3.11.0&amp;apos;, revision: &amp;apos;e59cfb3&amp;apos;, time: &amp;apos;2018-03-11T20:26:55.152Z&amp;apos;
System info: host: &amp;apos;TGS-INA516TLT9&amp;apos;, ip: &amp;apos;10.188.11.26&amp;apos;, os.name: &amp;apos;Windows 7&amp;apos;, os.arch: &amp;apos;amd64&amp;apos;, os.version: &amp;apos;6.1&amp;apos;, java.version: &amp;apos;1.8.0_161&amp;apos;
Driver info: org.openqa.selenium.firefox.FirefoxDriver
Capabilities {acceptInsecureCerts: true, browserName: firefox, browserVersion: 59.0.2, javascriptEnabled: true, moz:accessibilityChecks: false, moz:headless: false, moz:processID: 1016, moz:profile: C:\Users\dkeshav\AppData\Lo..., moz:useNonSpecCompliantPointerOrigin: false, moz:webdriverClick: true, pageLoadStrategy: normal, platform: XP, platformName: XP, platformVersion: 6.1, rotatable: false, timeouts: {implicit: 0, pageLoad: 300000, script: 30000}}
Session ID: d4a9d94e-eb0f-4dbd-a937-8165b55502a3
*** Element info: {Using=xpath, value=//div[@class=&amp;apos;col-md-6 col-sm-8 col-xs-5 go-left&amp;apos;]/ul[contains(@class,&amp;apos;nav navbar-nav navbar-side navbar-right sidebar go-left&amp;apos;)]/li[@class=&amp;apos;open&amp;apos;]/a[contains(@href,&amp;apos;javascript:void(0);&amp;apos;)]}">
      <![CDATA[org.openqa.selenium.NoSuchElementException: Unable to locate element: //div[@class='col-md-6 col-sm-8 col-xs-5 go-left']/ul[contains(@class,'nav navbar-nav navbar-side navbar-right sidebar go-left')]/li[@class='open']/a[contains(@href,'javascript:void(0);')]
For documentation on this error, please visit: http://seleniumhq.org/exceptions/no_such_element.html
Build info: version: '3.11.0', revision: 'e59cfb3', time: '2018-03-11T20:26:55.152Z'
System info: host: 'TGS-INA516TLT9', ip: '10.188.11.26', os.name: 'Windows 7', os.arch: 'amd64', os.version: '6.1', java.version: '1.8.0_161'
Driver info: org.openqa.selenium.firefox.FirefoxDriver
Capabilities {acceptInsecureCerts: true, browserName: firefox, browserVersion: 59.0.2, javascriptEnabled: true, moz:accessibilityChecks: false, moz:headless: false, moz:processID: 1016, moz:profile: C:\Users\dkeshav\AppData\Lo..., moz:useNonSpecCompliantPointerOrigin: false, moz:webdriverClick: true, pageLoadStrategy: normal, platform: XP, platformName: XP, platformVersion: 6.1, rotatable: false, timeouts: {implicit: 0, pageLoad: 300000, script: 30000}}
Session ID: d4a9d94e-eb0f-4dbd-a937-8165b55502a3
*** Element info: {Using=xpath, value=//div[@class='col-md-6 col-sm-8 col-xs-5 go-left']/ul[contains(@class,'nav navbar-nav navbar-side navbar-right sidebar go-left')]/li[@class='open']/a[contains(@href,'javascript:void(0);')]}
	at org.openqa.selenium.remote.http.W3CHttpResponseCodec.createException(W3CHttpResponseCodec.java:187)
	at org.openqa.selenium.remote.http.W3CHttpResponseCodec.decode(W3CHttpResponseCodec.java:122)
	at org.openqa.selenium.remote.http.W3CHttpResponseCodec.decode(W3CHttpResponseCodec.java:49)
	at org.openqa.selenium.remote.HttpCommandExecutor.execute(HttpCommandExecutor.java:158)
	at org.openqa.selenium.remote.service.DriverCommandExecutor.execute(DriverCommandExecutor.java:83)
	at org.openqa.selenium.remote.RemoteWebDriver.execute(RemoteWebDriver.java:545)
	at org.openqa.selenium.remote.RemoteWebDriver.findElement(RemoteWebDriver.java:319)
	at org.openqa.selenium.remote.RemoteWebDriver.findElementByXPath(RemoteWebDriver.java:421)
	at org.openqa.selenium.By$ByXPath.findElement(By.java:361)
	at org.openqa.selenium.remote.RemoteWebDriver.findElement(RemoteWebDriver.java:311)
	at automationFramework.TestCases.ValidCredential(TestCases.java:174)
... Removed 29 stack frames]]>
    </failure>
  </testcase> <!-- ValidCredential -->
</testsuite> <!-- Test -->
